<?xml version="1.0" encoding="UTF-8"?>
<testsuite xmlns:xsi="http://www.w3.org/2001/XMLSchema-instance" xsi:noNamespaceSchemaLocation="https://maven.apache.org/surefire/maven-surefire-plugin/xsd/surefire-test-report-3.0.xsd" version="3.0" name="com.hrms.runners.SmokeRunner" time="150.68" tests="7" errors="2" skipped="0" failures="1">
  <properties>
[...]
</properties>
  <testcase name="valid admin login" classname="login steps" time="22.621"/>
  <testcase name="valid ess login" classname="login steps" time="13.607"/>
  <testcase name="Add Employee with first and lastname" classname="Add new Employee" time="21.561">
    <failure message="Employee is not added expected:&lt;[John Smith]&gt; but was:&lt;[Personal Details]&gt;" type="org.junit.ComparisonFailure"><![CDATA[org.junit.ComparisonFailure: Employee is not added expected:<[John Smith]> but was:<[Personal Details]>
]]></failure>
    <system-out><![CDATA[
@smoke
Scenario: Add Employee with first and lastname         # src/test/resources/features/addEmployee.feature:9
  Given user is logged in with valid Admin credintials # com.hrms.steps.EmployeeSearchSteps.user_is_logged_in_with_valid_Admin_credintials()
  And user navigate to employee list page              # com.hrms.steps.EmployeeSearchSteps.user_navigate_to_employee_list_page()
  When user enters employees "John" and "Smith"        # com.hrms.steps.AddEmployeeSteps.user_enters_employees_and(java.lang.String,java.lang.String)
  And user clicks save button                          # com.hrms.steps.AddEmployeeSteps.user_clicks_save_button()
  Then "John Smith" is added successfully              # com.hrms.steps.AddEmployeeSteps.is_added_successfully(java.lang.String)
      org.junit.ComparisonFailure: Employee is not added expected:<[John Smith]> but was:<[Personal Details]>
	at org.junit.Assert.assertEquals(Assert.java:117)
	at com.hrms.steps.AddEmployeeSteps.is_added_successfully(AddEmployeeSteps.java:31)
	at ?."John Smith" is added successfully(file:///C:/Users/jamsh/eclipse-workspace/Hrms/src/test/resources/features/addEmployee.feature:12)


    Embedding Add Employee with first and lastname [image/png 116195 bytes]

]]></system-out>
    <system-err><![CDATA[Starting ChromeDriver 83.0.4103.39 (ccbf011cb2d2b19b506d844400483861342c20cd-refs/branch-heads/4103@{#416}) on port 9627
Only local connections are allowed.
Please see https://chromedriver.chromium.org/security-considerations for suggestions on keeping ChromeDriver safe.
ChromeDriver was started successfully.
Jun 11, 2020 9:19:57 PM org.openqa.selenium.remote.ProtocolHandshake createSession
INFO: Detected dialect: W3C
]]></system-err>
  </testcase>
  <testcase name="Add Employee without employee id" classname="Add new Employee" time="19.65"/>
  <testcase name="AddEmployee and create Login Credentials" classname="Add new Employee" time="35.153">
    <error message="no such element: Unable to locate element: {&quot;method&quot;:&quot;xpath&quot;,&quot;selector&quot;:&quot;//h1[text()=&apos;Personal Details&apos;]&quot;}&#10;  (Session info: chrome=83.0.4103.97)&#10;For documentation on this error, please visit: https://www.seleniumhq.org/exceptions/no_such_element.html&#10;Build info: version: &apos;3.141.59&apos;, revision: &apos;e82be7d358&apos;, time: &apos;2018-11-14T08:17:03&apos;&#10;System info: host: &apos;DESKTOP-T8R4K7N&apos;, ip: &apos;192.168.1.254&apos;, os.name: &apos;Windows 10&apos;, os.arch: &apos;amd64&apos;, os.version: &apos;10.0&apos;, java.version: &apos;1.8.0_251&apos;&#10;Driver info: org.openqa.selenium.chrome.ChromeDriver&#10;Capabilities {acceptInsecureCerts: false, browserName: chrome, browserVersion: 83.0.4103.97, chrome: {chromedriverVersion: 83.0.4103.39 (ccbf011cb2d2b..., userDataDir: C:\Users\jamsh\AppData\Loca...}, goog:chromeOptions: {debuggerAddress: localhost:58990}, javascriptEnabled: true, networkConnectionEnabled: false, pageLoadStrategy: normal, platform: WINDOWS, platformName: WINDOWS, proxy: Proxy(), setWindowRect: true, strictFileInteractability: false, timeouts: {implicit: 0, pageLoad: 300000, script: 30000}, unhandledPromptBehavior: dismiss and notify, webauthn:virtualAuthenticators: true}&#10;Session ID: 07cd8acef3f926a228198bf7116bdb5e&#10;*** Element info: {Using=xpath, value=//h1[text()=&apos;Personal Details&apos;]}" type="org.openqa.selenium.NoSuchElementException"><![CDATA[org.openqa.selenium.NoSuchElementException: 
no such element: Unable to locate element: {"method":"xpath","selector":"//h1[text()='Personal Details']"}
  (Session info: chrome=83.0.4103.97)
For documentation on this error, please visit: https://www.seleniumhq.org/exceptions/no_such_element.html
Build info: version: '3.141.59', revision: 'e82be7d358', time: '2018-11-14T08:17:03'
System info: host: 'DESKTOP-T8R4K7N', ip: '192.168.1.254', os.name: 'Windows 10', os.arch: 'amd64', os.version: '10.0', java.version: '1.8.0_251'
Driver info: org.openqa.selenium.chrome.ChromeDriver
Capabilities {acceptInsecureCerts: false, browserName: chrome, browserVersion: 83.0.4103.97, chrome: {chromedriverVersion: 83.0.4103.39 (ccbf011cb2d2b..., userDataDir: C:\Users\jamsh\AppData\Loca...}, goog:chromeOptions: {debuggerAddress: localhost:58990}, javascriptEnabled: true, networkConnectionEnabled: false, pageLoadStrategy: normal, platform: WINDOWS, platformName: WINDOWS, proxy: Proxy(), setWindowRect: true, strictFileInteractability: false, timeouts: {implicit: 0, pageLoad: 300000, script: 30000}, unhandledPromptBehavior: dismiss and notify, webauthn:virtualAuthenticators: true}
Session ID: 07cd8acef3f926a228198bf7116bdb5e
*** Element info: {Using=xpath, value=//h1[text()='Personal Details']}
]]></error>
    <system-out><![CDATA[
@smoke
Scenario: AddEmployee and create Login Credentials     # src/test/resources/features/addEmployee.feature:22
  Given user is logged in with valid Admin credintials # com.hrms.steps.EmployeeSearchSteps.user_is_logged_in_with_valid_Admin_credintials()
  And user navigate to employee list page              # com.hrms.steps.EmployeeSearchSteps.user_navigate_to_employee_list_page()
  When user enters employees first name and last name  # com.hrms.steps.AddEmployeeSteps.user_enters_employees_first_name_and_last_name()
  And user clicks on create login checkbox             # com.hrms.steps.AddEmployeeSteps.user_clicks_on_create_login_checkbox()
  And user enters login credentials                    # com.hrms.steps.AddEmployeeSteps.user_enters_login_credentials()
  And user clicks save button                          # com.hrms.steps.AddEmployeeSteps.user_clicks_save_button()
  Then employee is added successfully                  # com.hrms.steps.AddEmployeeSteps.employee_is_added_successfully()
      org.openqa.selenium.NoSuchElementException: no such element: Unable to locate element: {"method":"xpath","selector":"//h1[text()='Personal Details']"}
  (Session info: chrome=83.0.4103.97)
For documentation on this error, please visit: https://www.seleniumhq.org/exceptions/no_such_element.html
Build info: version: '3.141.59', revision: 'e82be7d358', time: '2018-11-14T08:17:03'
System info: host: 'DESKTOP-T8R4K7N', ip: '192.168.1.254', os.name: 'Windows 10', os.arch: 'amd64', os.version: '10.0', java.version: '1.8.0_251'
Driver info: org.openqa.selenium.chrome.ChromeDriver
Capabilities {acceptInsecureCerts: false, browserName: chrome, browserVersion: 83.0.4103.97, chrome: {chromedriverVersion: 83.0.4103.39 (ccbf011cb2d2b..., userDataDir: C:\Users\jamsh\AppData\Loca...}, goog:chromeOptions: {debuggerAddress: localhost:58990}, javascriptEnabled: true, networkConnectionEnabled: false, pageLoadStrategy: normal, platform: WINDOWS, platformName: WINDOWS, proxy: Proxy(), setWindowRect: true, strictFileInteractability: false, timeouts: {implicit: 0, pageLoad: 300000, script: 30000}, unhandledPromptBehavior: dismiss and notify, webauthn:virtualAuthenticators: true}
Session ID: 07cd8acef3f926a228198bf7116bdb5e
*** Element info: {Using=xpath, value=//h1[text()='Personal Details']}
	at sun.reflect.NativeConstructorAccessorImpl.newInstance0(Native Method)
	at sun.reflect.NativeConstructorAccessorImpl.newInstance(NativeConstructorAccessorImpl.java:62)
	at sun.reflect.DelegatingConstructorAccessorImpl.newInstance(DelegatingConstructorAccessorImpl.java:45)
	at java.lang.reflect.Constructor.newInstance(Constructor.java:423)
	at org.openqa.selenium.remote.http.W3CHttpResponseCodec.createException(W3CHttpResponseCodec.java:187)
	at org.openqa.selenium.remote.http.W3CHttpResponseCodec.decode(W3CHttpResponseCodec.java:122)
	at org.openqa.selenium.remote.http.W3CHttpResponseCodec.decode(W3CHttpResponseCodec.java:49)
	at org.openqa.selenium.remote.HttpCommandExecutor.execute(HttpCommandExecutor.java:158)
	at org.openqa.selenium.remote.service.DriverCommandExecutor.execute(DriverCommandExecutor.java:83)
	at org.openqa.selenium.remote.RemoteWebDriver.execute(RemoteWebDriver.java:552)
	at org.openqa.selenium.remote.RemoteWebDriver.findElement(RemoteWebDriver.java:323)
	at org.openqa.selenium.remote.RemoteWebDriver.findElementByXPath(RemoteWebDriver.java:428)
	at org.openqa.selenium.By$ByXPath.findElement(By.java:353)
	at org.openqa.selenium.remote.RemoteWebDriver.findElement(RemoteWebDriver.java:315)
	at org.openqa.selenium.support.pagefactory.DefaultElementLocator.findElement(DefaultElementLocator.java:69)
	at org.openqa.selenium.support.pagefactory.internal.LocatingElementHandler.invoke(LocatingElementHandler.java:38)
	at com.sun.proxy.$Proxy17.getText(Unknown Source)
	at com.hrms.steps.AddEmployeeSteps.employee_is_added_successfully(AddEmployeeSteps.java:49)
	at ?.employee is added successfully(file:///C:/Users/jamsh/eclipse-workspace/Hrms/src/test/resources/features/addEmployee.feature:27)


    Embedding AddEmployee and create Login Credentials [image/png 91210 bytes]

]]></system-out>
    <system-err><![CDATA[Starting ChromeDriver 83.0.4103.39 (ccbf011cb2d2b19b506d844400483861342c20cd-refs/branch-heads/4103@{#416}) on port 48509
Only local connections are allowed.
Please see https://chromedriver.chromium.org/security-considerations for suggestions on keeping ChromeDriver safe.
ChromeDriver was started successfully.
Jun 11, 2020 9:20:37 PM org.openqa.selenium.remote.ProtocolHandshake createSession
INFO: Detected dialect: W3C
]]></system-err>
  </testcase>
  <testcase name="Dashboard menue view for Admain" classname="Dashboard" time="14.322"/>
  <testcase name="Search Employee by id" classname="Employee Search" time="21.382">
    <error message="Session ID is null. Using WebDriver after calling quit()?&#10;Build info: version: &apos;3.141.59&apos;, revision: &apos;e82be7d358&apos;, time: &apos;2018-11-14T08:17:03&apos;&#10;System info: host: &apos;DESKTOP-T8R4K7N&apos;, ip: &apos;192.168.1.254&apos;, os.name: &apos;Windows 10&apos;, os.arch: &apos;amd64&apos;, os.version: &apos;10.0&apos;, java.version: &apos;1.8.0_251&apos;&#10;Driver info: driver.version: RemoteWebDriver" type="org.openqa.selenium.NoSuchSessionException"><![CDATA[org.openqa.selenium.NoSuchSessionException: 
Session ID is null. Using WebDriver after calling quit()?
Build info: version: '3.141.59', revision: 'e82be7d358', time: '2018-11-14T08:17:03'
System info: host: 'DESKTOP-T8R4K7N', ip: '192.168.1.254', os.name: 'Windows 10', os.arch: 'amd64', os.version: '10.0', java.version: '1.8.0_251'
Driver info: driver.version: RemoteWebDriver
]]></error>
    <system-out><![CDATA[
@smoke
Scenario: Search Employee by id                      # src/test/resources/features/searchEmployee.feature:4
  And user is logged in with valid Admin credintials # com.hrms.steps.EmployeeSearchSteps.user_is_logged_in_with_valid_Admin_credintials()
  When user navigate to employee list page           # com.hrms.steps.EmployeeSearchSteps.user_navigate_to_employee_list_page()
  And user enters valid employee id                  # com.hrms.steps.EmployeeSearchSteps.user_enters_valid_employee_id()
  And user click on search button                    # com.hrms.steps.EmployeeSearchSteps.user_click_on_search_button()
Test case passed
  Then user see employee information is displayed    # com.hrms.steps.EmployeeSearchSteps.user_see_employee_information_is_displayed()
      org.openqa.selenium.NoSuchSessionException: Session ID is null. Using WebDriver after calling quit()?
Build info: version: '3.141.59', revision: 'e82be7d358', time: '2018-11-14T08:17:03'
System info: host: 'DESKTOP-T8R4K7N', ip: '192.168.1.254', os.name: 'Windows 10', os.arch: 'amd64', os.version: '10.0', java.version: '1.8.0_251'
Driver info: driver.version: RemoteWebDriver
	at org.openqa.selenium.remote.HttpCommandExecutor.execute(HttpCommandExecutor.java:125)
	at org.openqa.selenium.remote.service.DriverCommandExecutor.execute(DriverCommandExecutor.java:83)
	at org.openqa.selenium.remote.RemoteWebDriver.execute(RemoteWebDriver.java:552)
	at org.openqa.selenium.remote.RemoteWebDriver.execute(RemoteWebDriver.java:609)
	at org.openqa.selenium.remote.RemoteWebDriver.getScreenshotAs(RemoteWebDriver.java:295)
	at com.hrms.utiles.CommonMethods.takeScreenshot(CommonMethods.java:259)
	at com.hrms.steps.Hooks.end(Hooks.java:23)

]]></system-out>
    <system-err><![CDATA[Starting ChromeDriver 83.0.4103.39 (ccbf011cb2d2b19b506d844400483861342c20cd-refs/branch-heads/4103@{#416}) on port 35257
Only local connections are allowed.
Please see https://chromedriver.chromium.org/security-considerations for suggestions on keeping ChromeDriver safe.
ChromeDriver was started successfully.
Jun 11, 2020 9:21:27 PM org.openqa.selenium.remote.ProtocolHandshake createSession
INFO: Detected dialect: W3C
]]></system-err>
  </testcase>
</testsuite>